app/build/outputs/logs/manifest-merger-debug-report.txt
-- Merging decision tree log ---
manifest
ADDED from src\main\AndroidManifest.xml:2:1-77:12
	package
		ADDED from src\main\AndroidManifest.xml:3:5-37
		INJECTED from src\main\AndroidManifest.xml
		INJECTED from src\main\AndroidManifest.xml
	android:versionName
		ADDED from src\main\AndroidManifest.xml:5:5-30
		INJECTED from src\main\AndroidManifest.xml
		INJECTED from src\main\AndroidManifest.xml
	android:versionCode
		ADDED from src\main\AndroidManifest.xml:4:5-28
		INJECTED from src\main\AndroidManifest.xml
		INJECTED from src\main\AndroidManifest.xml
	xmlns:android
		ADDED from src\main\AndroidManifest.xml:2:11-69
uses-sdk
ADDED from src\main\AndroidManifest.xml:7:5-9:41
	android:targetSdkVersion
		ADDED from src\main\AndroidManifest.xml:9:9-38
		INJECTED from src\main\AndroidManifest.xml
		INJECTED from src\main\AndroidManifest.xml
	android:minSdkVersion
		ADDED from src\main\AndroidManifest.xml:8:9-35
		INJECTED from src\main\AndroidManifest.xml
		INJECTED from src\main\AndroidManifest.xml
uses-permission#android.permission.INTERNET
ADDED from src\main\AndroidManifest.xml:11:2-63
	android:name
		ADDED from src\main\AndroidManifest.xml:11:19-61
uses-permission#android.permission.ACCESS_COARSE_LOCATION
ADDED from src\main\AndroidManifest.xml:13:2-94
	android:name
		ADDED from src\main\AndroidManifest.xml:13:19-75
uses-permission#android.permission.ACCESS_FINE_LOCATION
ADDED from src\main\AndroidManifest.xml:15:1-91
	android:name
		ADDED from src\main\AndroidManifest.xml:15:18-72
uses-permission#android.permission.ACCESS_WIFI_STATE
ADDED from src\main\AndroidManifest.xml:17:1-88
	android:name
		ADDED from src\main\AndroidManifest.xml:17:18-69
uses-permission#android.permission.ACCESS_NETWORK_STATE
ADDED from src\main\AndroidManifest.xml:19:1-91
	android:name
		ADDED from src\main\AndroidManifest.xml:19:18-72
uses-permission#android.permission.CHANGE_WIFI_STATE
ADDED from src\main\AndroidManifest.xml:21:1-88
	android:name
		ADDED from src\main\AndroidManifest.xml:21:18-69
uses-permission#android.permission.READ_PHONE_STATE
ADDED from src\main\AndroidManifest.xml:23:1-87
	android:name
		ADDED from src\main\AndroidManifest.xml:23:18-68
uses-permission#android.permission.WRITE_EXTERNAL_STORAGE
ADDED from src\main\AndroidManifest.xml:25:1-93
	android:name
		ADDED from src\main\AndroidManifest.xml:25:18-74
uses-permission#android.permission.MOUNT_UNMOUNT_FILESYSTEMS
ADDED from src\main\AndroidManifest.xml:27:1-96
	android:name
		ADDED from src\main\AndroidManifest.xml:27:18-77
uses-permission#android.permission.VIBRATE
ADDED from src\main\AndroidManifest.xml:29:1-62
	android:name
		ADDED from src\main\AndroidManifest.xml:29:18-59
uses-permission#android.permission.RECORD_AUDIO
ADDED from src\main\AndroidManifest.xml:31:1-66
	android:name
		ADDED from src\main\AndroidManifest.xml:31:18-64
uses-permission#android.permission.CHANGE_NETWORK_STATE
ADDED from src\main\AndroidManifest.xml:33:1-74
	android:name
		ADDED from src\main\AndroidManifest.xml:33:18-72
uses-permission#android.permission.GET_PACKAGE_SIZE
ADDED from src\main\AndroidManifest.xml:37:1-70
	android:name
		ADDED from src\main\AndroidManifest.xml:37:18-68
uses-permission#android.permission.CLEAR_APP_CACHE
ADDED from src\main\AndroidManifest.xml:39:1-69
	android:name
		ADDED from src\main\AndroidManifest.xml:39:18-67
application
ADDED from src\main\AndroidManifest.xml:44:5-75:19
	android:label
		ADDED from src\main\AndroidManifest.xml:47:9-41
	android:allowBackup
		ADDED from src\main\AndroidManifest.xml:45:9-35
	android:icon
		ADDED from src\main\AndroidManifest.xml:46:9-42
	android:theme
		ADDED from src\main\AndroidManifest.xml:48:9-40
meta-data#com.baidu.lbsapi.API_KEY
ADDED from src\main\AndroidManifest.xml:50:10-52:56
	android:value
		ADDED from src\main\AndroidManifest.xml:52:13-53
	android:name
		ADDED from src\main\AndroidManifest.xml:51:13-52
activity#com.example.seeweather.SplashActivity
ADDED from src\main\AndroidManifest.xml:54:9-63:20
	android:label
		ADDED from src\main\AndroidManifest.xml:56:13-45
	android:theme
		ADDED from src\main\AndroidManifest.xml:57:13-86
	android:name
		ADDED from src\main\AndroidManifest.xml:55:13-65
intent-filter#android.intent.action.MAIN+android.intent.category.LAUNCHER
ADDED from src\main\AndroidManifest.xml:58:13-62:29
action#android.intent.action.MAIN
ADDED from src\main\AndroidManifest.xml:59:17-69
	android:name
		ADDED from src\main\AndroidManifest.xml:59:25-66
category#android.intent.category.LAUNCHER
ADDED from src\main\AndroidManifest.xml:61:17-77
	android:name
		ADDED from src\main\AndroidManifest.xml:61:27-74
service#com.baidu.location.f
ADDED from src\main\AndroidManifest.xml:65:8-66:18
	android:enabled
		ADDED from src\main\AndroidManifest.xml:65:53-75
	android:process
		ADDED from src\main\AndroidManifest.xml:65:76-101
	android:name
		ADDED from src\main\AndroidManifest.xml:65:17-52
activity#com.example.seeweather.GuideActivity
ADDED from src\main\AndroidManifest.xml:68:11-84
	android:name
		ADDED from src\main\AndroidManifest.xml:68:21-72
activity#com.example.seeweather.MainActivity
ADDED from src\main\AndroidManifest.xml:69:10-82
	android:name
		ADDED from src\main\AndroidManifest.xml:69:20-70
activity#com.example.seeweather.NowActivity
ADDED from src\main\AndroidManifest.xml:70:9-80
	android:name
		ADDED from src\main\AndroidManifest.xml:70:19-68
activity#com.example.seeweather.WeatherActivity
ADDED from src\main\AndroidManifest.xml:71:9-84
	android:name
		ADDED from src\main\AndroidManifest.xml:71:19-72
activity#com.example.seeweather.SettingActivity
ADDED from src\main\AndroidManifest.xml:72:9-127
	android:theme
		ADDED from src\main\AndroidManifest.xml:72:73-115
	android:name
		ADDED from src\main\AndroidManifest.xml:72:19-72
activity#com.example.seeweather.AboutActivity
ADDED from src\main\AndroidManifest.xml:73:8-81
	android:name
		ADDED from src\main\AndroidManifest.xml:73:18-69